<?xml version="1.0" encoding="UTF-8"?>
<coverage generated="1601367463770" clover="3.2.0">
  <project timestamp="1601367463770" name="All files">
    <metrics statements="120" coveredstatements="120" conditionals="28" coveredconditionals="27" methods="39" coveredmethods="39" elements="187" coveredelements="186" complexity="0" loc="120" ncloc="120" packages="1" files="5" classes="5"/>
    <file name="Ability.ts" path="C:\DEV\CodeKatas\JS\EverCraft\lib\Ability.ts">
      <metrics statements="13" coveredstatements="13" conditionals="8" coveredconditionals="7" methods="5" coveredmethods="5"/>
      <line num="1" count="6" type="stmt"/>
      <line num="3" count="6" type="stmt"/>
      <line num="7" count="1152" type="cond" truecount="3" falsecount="1"/>
      <line num="8" count="576" type="stmt"/>
      <line num="9" count="576" type="stmt"/>
      <line num="12" count="6" type="stmt"/>
      <line num="13" count="2" type="stmt"/>
      <line num="18" count="51" type="cond" truecount="4" falsecount="0"/>
      <line num="19" count="2" type="stmt"/>
      <line num="21" count="49" type="stmt"/>
      <line num="28" count="6" type="stmt"/>
      <line num="29" count="154" type="stmt"/>
      <line num="31" count="6" type="stmt"/>
    </file>
    <file name="AbilityEntity.ts" path="C:\DEV\CodeKatas\JS\EverCraft\lib\AbilityEntity.ts">
      <metrics statements="11" coveredstatements="11" conditionals="0" coveredconditionals="0" methods="4" coveredmethods="4"/>
      <line num="1" count="6" type="stmt"/>
      <line num="2" count="6" type="stmt"/>
      <line num="5" count="6" type="stmt"/>
      <line num="9" count="92" type="stmt"/>
      <line num="19" count="6" type="stmt"/>
      <line num="20" count="28" type="stmt"/>
      <line num="21" count="28" type="stmt"/>
      <line num="22" count="28" type="stmt"/>
      <line num="25" count="6" type="stmt"/>
      <line num="26" count="134" type="stmt"/>
      <line num="28" count="6" type="stmt"/>
    </file>
    <file name="Attack.ts" path="C:\DEV\CodeKatas\JS\EverCraft\lib\Attack.ts">
      <metrics statements="23" coveredstatements="23" conditionals="6" coveredconditionals="6" methods="7" coveredmethods="7"/>
      <line num="3" count="6" type="stmt"/>
      <line num="4" count="6" type="stmt"/>
      <line num="6" count="6" type="stmt"/>
      <line num="11" count="16" type="stmt"/>
      <line num="12" count="16" type="stmt"/>
      <line num="15" count="6" type="stmt"/>
      <line num="16" count="16" type="stmt"/>
      <line num="17" count="16" type="stmt"/>
      <line num="19" count="16" type="stmt"/>
      <line num="21" count="16" type="stmt"/>
      <line num="23" count="16" type="stmt"/>
      <line num="26" count="6" type="stmt"/>
      <line num="27" count="16" type="cond" truecount="2" falsecount="0"/>
      <line num="30" count="6" type="stmt"/>
      <line num="31" count="32" type="stmt"/>
      <line num="34" count="6" type="stmt"/>
      <line num="35" count="16" type="cond" truecount="2" falsecount="0"/>
      <line num="36" count="4" type="stmt"/>
      <line num="37" count="12" type="cond" truecount="2" falsecount="0"/>
      <line num="38" count="8" type="stmt"/>
      <line num="42" count="6" type="stmt"/>
      <line num="43" count="16" type="stmt"/>
      <line num="45" count="6" type="stmt"/>
    </file>
    <file name="Enums.ts" path="C:\DEV\CodeKatas\JS\EverCraft\lib\Enums.ts">
      <metrics statements="18" coveredstatements="18" conditionals="6" coveredconditionals="6" methods="3" coveredmethods="3"/>
      <line num="2" count="6" type="cond" truecount="2" falsecount="0"/>
      <line num="3" count="6" type="stmt"/>
      <line num="4" count="6" type="stmt"/>
      <line num="5" count="6" type="stmt"/>
      <line num="9" count="6" type="cond" truecount="2" falsecount="0"/>
      <line num="10" count="6" type="stmt"/>
      <line num="11" count="6" type="stmt"/>
      <line num="12" count="6" type="stmt"/>
      <line num="13" count="6" type="stmt"/>
      <line num="14" count="6" type="stmt"/>
      <line num="15" count="6" type="stmt"/>
      <line num="16" count="6" type="stmt"/>
      <line num="22" count="6" type="cond" truecount="2" falsecount="0"/>
      <line num="23" count="6" type="stmt"/>
      <line num="24" count="6" type="stmt"/>
      <line num="25" count="6" type="stmt"/>
      <line num="26" count="6" type="stmt"/>
      <line num="27" count="6" type="stmt"/>
    </file>
    <file name="Hero.ts" path="C:\DEV\CodeKatas\JS\EverCraft\lib\Hero.ts">
      <metrics statements="55" coveredstatements="55" conditionals="8" coveredconditionals="8" methods="20" coveredmethods="20"/>
      <line num="1" count="6" type="stmt"/>
      <line num="2" count="6" type="stmt"/>
      <line num="4" count="6" type="stmt"/>
      <line num="5" count="6" type="stmt"/>
      <line num="6" count="6" type="stmt"/>
      <line num="7" count="6" type="stmt"/>
      <line num="8" count="6" type="stmt"/>
      <line num="9" count="6" type="stmt"/>
      <line num="10" count="6" type="stmt"/>
      <line num="12" count="6" type="stmt"/>
      <line num="21" count="92" type="cond" truecount="2" falsecount="0"/>
      <line num="22" count="92" type="stmt"/>
      <line num="23" count="92" type="stmt"/>
      <line num="24" count="92" type="stmt"/>
      <line num="25" count="92" type="stmt"/>
      <line num="27" count="92" type="stmt"/>
      <line num="30" count="6" type="stmt"/>
      <line num="31" count="7" type="stmt"/>
      <line num="34" count="6" type="stmt"/>
      <line num="35" count="86" type="stmt"/>
      <line num="38" count="6" type="stmt"/>
      <line num="39" count="4" type="stmt"/>
      <line num="43" count="4" type="stmt"/>
      <line num="44" count="21" type="stmt"/>
      <line num="45" count="4" type="cond" truecount="2" falsecount="0"/>
      <line num="46" count="1" type="stmt"/>
      <line num="49" count="3" type="stmt"/>
      <line num="53" count="6" type="stmt"/>
      <line num="54" count="6" type="stmt"/>
      <line num="59" count="16" type="stmt"/>
      <line num="60" count="113" type="stmt"/>
      <line num="61" count="16" type="cond" truecount="2" falsecount="0"/>
      <line num="62" count="1" type="stmt"/>
      <line num="65" count="15" type="stmt"/>
      <line num="70" count="6" type="stmt"/>
      <line num="71" count="35" type="stmt"/>
      <line num="74" count="6" type="stmt"/>
      <line num="75" count="37" type="stmt"/>
      <line num="78" count="6" type="stmt"/>
      <line num="79" count="28" type="stmt"/>
      <line num="82" count="6" type="stmt"/>
      <line num="83" count="4" type="stmt"/>
      <line num="86" count="6" type="stmt"/>
      <line num="87" count="42" type="cond" truecount="2" falsecount="0"/>
      <line num="90" count="6" type="stmt"/>
      <line num="91" count="12" type="stmt"/>
      <line num="94" count="6" type="stmt"/>
      <line num="95" count="8" type="stmt"/>
      <line num="98" count="6" type="stmt"/>
      <line num="99" count="18" type="stmt"/>
      <line num="102" count="6" type="stmt"/>
      <line num="103" count="26" type="stmt"/>
      <line num="106" count="6" type="stmt"/>
      <line num="107" count="21" type="stmt"/>
      <line num="109" count="6" type="stmt"/>
    </file>
  </project>
</coverage>
