{"C:\\DEV\\CodeKatas\\JS\\EverCraft\\lib\\Ability.ts": {"path":"C:\\DEV\\CodeKatas\\JS\\EverCraft\\lib\\Ability.ts","statementMap":{"0":{"start":{"line":1,"column":0},"end":{"line":1,"column":38}},"1":{"start":{"line":3,"column":0},"end":{"line":3,"column":null}},"2":{"start":{"line":7,"column":16},"end":{"line":7,"column":57}},"3":{"start":{"line":7,"column":57},"end":{"line":7,"column":null}},"4":{"start":{"line":8,"column":8},"end":{"line":8,"column":26}},"5":{"start":{"line":9,"column":8},"end":{"line":9,"column":28}},"6":{"start":{"line":12,"column":4},"end":{"line":14,"column":null}},"7":{"start":{"line":13,"column":8},"end":{"line":13,"column":27}},"8":{"start":{"line":18,"column":8},"end":{"line":20,"column":null}},"9":{"start":{"line":19,"column":12},"end":{"line":19,"column":null}},"10":{"start":{"line":21,"column":8},"end":{"line":21,"column":24}},"11":{"start":{"line":28,"column":4},"end":{"line":30,"column":null}},"12":{"start":{"line":29,"column":8},"end":{"line":29,"column":50}},"13":{"start":{"line":31,"column":0},"end":{"line":31,"column":null}}},"fnMap":{"0":{"name":"(anonymous_0)","decl":{"start":{"line":3,"column":0},"end":{"line":3,"column":null}},"loc":{"start":{"line":3,"column":0},"end":{"line":31,"column":null}}},"1":{"name":"Ability","decl":{"start":{"line":7,"column":4},"end":{"line":7,"column":16}},"loc":{"start":{"line":7,"column":75},"end":{"line":10,"column":5}}},"2":{"name":"(anonymous_2)","decl":{"start":{"line":12,"column":4},"end":{"line":12,"column":15}},"loc":{"start":{"line":12,"column":4},"end":{"line":14,"column":5}}},"3":{"name":"(anonymous_3)","decl":{"start":{"line":17,"column":4},"end":{"line":17,"column":21}},"loc":{"start":{"line":17,"column":31},"end":{"line":22,"column":5}}},"4":{"name":"(anonymous_4)","decl":{"start":{"line":28,"column":4},"end":{"line":28,"column":15}},"loc":{"start":{"line":28,"column":4},"end":{"line":30,"column":5}}}},"branchMap":{"0":{"loc":{"start":{"line":7,"column":16},"end":{"line":7,"column":57}},"type":"if","locations":[{"start":{"line":7,"column":16},"end":{"line":7,"column":57}},{"start":{"line":7,"column":16},"end":{"line":7,"column":57}}]},"1":{"loc":{"start":{"line":7,"column":57},"end":{"line":7,"column":null}},"type":"if","locations":[{"start":{"line":7,"column":57},"end":{"line":7,"column":null}},{"start":{"line":7,"column":57},"end":{"line":7,"column":null}}]},"2":{"loc":{"start":{"line":18,"column":8},"end":{"line":20,"column":null}},"type":"if","locations":[{"start":{"line":18,"column":8},"end":{"line":20,"column":null}},{"start":{"line":18,"column":8},"end":{"line":20,"column":null}}]},"3":{"loc":{"start":{"line":18,"column":11},"end":{"line":18,"column":16}},"type":"binary-expr","locations":[{"start":{"line":18,"column":11},"end":{"line":18,"column":16}},{"start":{"line":18,"column":20},"end":{"line":18,"column":26}}]}},"s":{"0":6,"1":6,"2":600,"3":1152,"4":576,"5":576,"6":6,"7":2,"8":51,"9":2,"10":49,"11":6,"12":154,"13":6},"f":{"0":6,"1":576,"2":2,"3":51,"4":154},"b":{"0":[24,552],"1":[576,0],"2":[2,49],"3":[51,50]}}
,"C:\\DEV\\CodeKatas\\JS\\EverCraft\\lib\\AbilityEntity.ts": {"path":"C:\\DEV\\CodeKatas\\JS\\EverCraft\\lib\\AbilityEntity.ts","statementMap":{"0":{"start":{"line":1,"column":0},"end":{"line":1,"column":38}},"1":{"start":{"line":2,"column":0},"end":{"line":2,"column":32}},"2":{"start":{"line":5,"column":0},"end":{"line":5,"column":null}},"3":{"start":{"line":9,"column":8},"end":{"line":16,"column":11}},"4":{"start":{"line":19,"column":4},"end":{"line":23,"column":null}},"5":{"start":{"line":20,"column":27},"end":{"line":20,"column":59}},"6":{"start":{"line":21,"column":8},"end":{"line":21,"column":33}},"7":{"start":{"line":22,"column":8},"end":{"line":22,"column":53}},"8":{"start":{"line":25,"column":4},"end":{"line":27,"column":null}},"9":{"start":{"line":26,"column":8},"end":{"line":26,"column":57}},"10":{"start":{"line":28,"column":0},"end":{"line":28,"column":null}}},"fnMap":{"0":{"name":"(anonymous_0)","decl":{"start":{"line":5,"column":0},"end":{"line":5,"column":null}},"loc":{"start":{"line":5,"column":0},"end":{"line":28,"column":null}}},"1":{"name":"AbilityEntity","decl":{"start":{"line":8,"column":4},"end":{"line":8,"column":null}},"loc":{"start":{"line":8,"column":4},"end":{"line":17,"column":5}}},"2":{"name":"(anonymous_2)","decl":{"start":{"line":19,"column":4},"end":{"line":19,"column":14}},"loc":{"start":{"line":19,"column":54},"end":{"line":23,"column":5}}},"3":{"name":"(anonymous_3)","decl":{"start":{"line":25,"column":4},"end":{"line":25,"column":25}},"loc":{"start":{"line":25,"column":50},"end":{"line":27,"column":5}}}},"branchMap":{},"s":{"0":6,"1":6,"2":6,"3":92,"4":6,"5":28,"6":28,"7":28,"8":6,"9":134,"10":6},"f":{"0":6,"1":92,"2":28,"3":134},"b":{}}
,"C:\\DEV\\CodeKatas\\JS\\EverCraft\\lib\\Attack.ts": {"path":"C:\\DEV\\CodeKatas\\JS\\EverCraft\\lib\\Attack.ts","statementMap":{"0":{"start":{"line":3,"column":22},"end":{"line":3,"column":24}},"1":{"start":{"line":4,"column":22},"end":{"line":4,"column":24}},"2":{"start":{"line":6,"column":0},"end":{"line":6,"column":null}},"3":{"start":{"line":11,"column":8},"end":{"line":11,"column":34}},"4":{"start":{"line":12,"column":8},"end":{"line":12,"column":34}},"5":{"start":{"line":15,"column":4},"end":{"line":24,"column":null}},"6":{"start":{"line":16,"column":23},"end":{"line":16,"column":47}},"7":{"start":{"line":17,"column":22},"end":{"line":17,"column":38}},"8":{"start":{"line":19,"column":8},"end":{"line":19,"column":40}},"9":{"start":{"line":21,"column":8},"end":{"line":21,"column":31}},"10":{"start":{"line":23,"column":8},"end":{"line":23,"column":21}},"11":{"start":{"line":26,"column":12},"end":{"line":28,"column":null}},"12":{"start":{"line":27,"column":8},"end":{"line":27,"column":58}},"13":{"start":{"line":30,"column":12},"end":{"line":32,"column":null}},"14":{"start":{"line":31,"column":8},"end":{"line":31,"column":81}},"15":{"start":{"line":34,"column":12},"end":{"line":40,"column":null}},"16":{"start":{"line":35,"column":8},"end":{"line":39,"column":null}},"17":{"start":{"line":36,"column":12},"end":{"line":36,"column":69}},"18":{"start":{"line":37,"column":15},"end":{"line":39,"column":null}},"19":{"start":{"line":38,"column":12},"end":{"line":38,"column":65}},"20":{"start":{"line":42,"column":12},"end":{"line":44,"column":null}},"21":{"start":{"line":43,"column":8},"end":{"line":43,"column":44}},"22":{"start":{"line":45,"column":0},"end":{"line":45,"column":null}}},"fnMap":{"0":{"name":"(anonymous_0)","decl":{"start":{"line":6,"column":0},"end":{"line":6,"column":null}},"loc":{"start":{"line":6,"column":0},"end":{"line":45,"column":null}}},"1":{"name":"Attack","decl":{"start":{"line":10,"column":4},"end":{"line":10,"column":16}},"loc":{"start":{"line":10,"column":46},"end":{"line":13,"column":5}}},"2":{"name":"(anonymous_2)","decl":{"start":{"line":15,"column":4},"end":{"line":15,"column":11}},"loc":{"start":{"line":15,"column":24},"end":{"line":24,"column":5}}},"3":{"name":"(anonymous_3)","decl":{"start":{"line":26,"column":4},"end":{"line":26,"column":12}},"loc":{"start":{"line":26,"column":38},"end":{"line":28,"column":5}}},"4":{"name":"(anonymous_4)","decl":{"start":{"line":30,"column":4},"end":{"line":30,"column":12}},"loc":{"start":{"line":30,"column":30},"end":{"line":32,"column":5}}},"5":{"name":"(anonymous_5)","decl":{"start":{"line":34,"column":4},"end":{"line":34,"column":12}},"loc":{"start":{"line":34,"column":55},"end":{"line":40,"column":5}}},"6":{"name":"(anonymous_6)","decl":{"start":{"line":42,"column":4},"end":{"line":42,"column":12}},"loc":{"start":{"line":42,"column":4},"end":{"line":44,"column":5}}}},"branchMap":{"0":{"loc":{"start":{"line":27,"column":15},"end":{"line":27,"column":31}},"type":"binary-expr","locations":[{"start":{"line":27,"column":15},"end":{"line":27,"column":31}},{"start":{"line":27,"column":35},"end":{"line":27,"column":57}}]},"1":{"loc":{"start":{"line":35,"column":8},"end":{"line":39,"column":null}},"type":"if","locations":[{"start":{"line":35,"column":8},"end":{"line":39,"column":null}},{"start":{"line":35,"column":8},"end":{"line":39,"column":null}}]},"2":{"loc":{"start":{"line":37,"column":15},"end":{"line":39,"column":null}},"type":"if","locations":[{"start":{"line":37,"column":15},"end":{"line":39,"column":null}},{"start":{"line":37,"column":15},"end":{"line":39,"column":null}}]}},"s":{"0":6,"1":6,"2":6,"3":16,"4":16,"5":6,"6":16,"7":16,"8":16,"9":16,"10":16,"11":6,"12":16,"13":6,"14":32,"15":6,"16":16,"17":4,"18":12,"19":8,"20":6,"21":16,"22":6},"f":{"0":6,"1":16,"2":16,"3":16,"4":32,"5":16,"6":16},"b":{"0":[16,12],"1":[4,12],"2":[8,4]}}
,"C:\\DEV\\CodeKatas\\JS\\EverCraft\\lib\\Enums.ts": {"path":"C:\\DEV\\CodeKatas\\JS\\EverCraft\\lib\\Enums.ts","statementMap":{"0":{"start":{"line":2,"column":0},"end":{"line":2,"column":null}},"1":{"start":{"line":3,"column":4},"end":{"line":3,"column":null}},"2":{"start":{"line":4,"column":4},"end":{"line":4,"column":null}},"3":{"start":{"line":5,"column":4},"end":{"line":5,"column":null}},"4":{"start":{"line":9,"column":0},"end":{"line":9,"column":null}},"5":{"start":{"line":10,"column":4},"end":{"line":10,"column":null}},"6":{"start":{"line":11,"column":4},"end":{"line":11,"column":null}},"7":{"start":{"line":12,"column":4},"end":{"line":12,"column":null}},"8":{"start":{"line":13,"column":4},"end":{"line":13,"column":null}},"9":{"start":{"line":14,"column":4},"end":{"line":14,"column":null}},"10":{"start":{"line":15,"column":4},"end":{"line":15,"column":null}},"11":{"start":{"line":16,"column":4},"end":{"line":16,"column":null}},"12":{"start":{"line":22,"column":0},"end":{"line":22,"column":null}},"13":{"start":{"line":23,"column":4},"end":{"line":23,"column":null}},"14":{"start":{"line":24,"column":4},"end":{"line":24,"column":null}},"15":{"start":{"line":25,"column":4},"end":{"line":25,"column":null}},"16":{"start":{"line":26,"column":4},"end":{"line":26,"column":null}},"17":{"start":{"line":27,"column":4},"end":{"line":27,"column":null}}},"fnMap":{"0":{"name":"(anonymous_0)","decl":{"start":{"line":2,"column":0},"end":{"line":2,"column":12}},"loc":{"start":{"line":2,"column":21},"end":{"line":6,"column":1}}},"1":{"name":"(anonymous_1)","decl":{"start":{"line":9,"column":0},"end":{"line":9,"column":12}},"loc":{"start":{"line":9,"column":23},"end":{"line":17,"column":1}}},"2":{"name":"(anonymous_2)","decl":{"start":{"line":22,"column":0},"end":{"line":22,"column":12}},"loc":{"start":{"line":22,"column":21},"end":{"line":28,"column":1}}}},"branchMap":{"0":{"loc":{"start":{"line":2,"column":12},"end":{"line":2,"column":21}},"type":"binary-expr","locations":[{"start":{"line":2,"column":12},"end":{"line":2,"column":21}},{"start":{"line":2,"column":12},"end":{"line":2,"column":null}}]},"1":{"loc":{"start":{"line":9,"column":12},"end":{"line":9,"column":23}},"type":"binary-expr","locations":[{"start":{"line":9,"column":12},"end":{"line":9,"column":23}},{"start":{"line":9,"column":12},"end":{"line":9,"column":null}}]},"2":{"loc":{"start":{"line":22,"column":12},"end":{"line":22,"column":21}},"type":"binary-expr","locations":[{"start":{"line":22,"column":12},"end":{"line":22,"column":21}},{"start":{"line":22,"column":12},"end":{"line":22,"column":null}}]}},"s":{"0":6,"1":6,"2":6,"3":6,"4":6,"5":6,"6":6,"7":6,"8":6,"9":6,"10":6,"11":6,"12":6,"13":6,"14":6,"15":6,"16":6,"17":6},"f":{"0":6,"1":6,"2":6},"b":{"0":[6,6],"1":[6,6],"2":[6,6]}}
,"C:\\DEV\\CodeKatas\\JS\\EverCraft\\lib\\Hero.ts": {"path":"C:\\DEV\\CodeKatas\\JS\\EverCraft\\lib\\Hero.ts","statementMap":{"0":{"start":{"line":1,"column":0},"end":{"line":1,"column":60}},"1":{"start":{"line":2,"column":0},"end":{"line":2,"column":44}},"2":{"start":{"line":4,"column":17},"end":{"line":4,"column":21}},"3":{"start":{"line":5,"column":25},"end":{"line":5,"column":27}},"4":{"start":{"line":6,"column":23},"end":{"line":6,"column":24}},"5":{"start":{"line":7,"column":24},"end":{"line":7,"column":25}},"6":{"start":{"line":8,"column":15},"end":{"line":8,"column":16}},"7":{"start":{"line":9,"column":23},"end":{"line":9,"column":24}},"8":{"start":{"line":10,"column":22},"end":{"line":10,"column":23}},"9":{"start":{"line":12,"column":0},"end":{"line":12,"column":null}},"10":{"start":{"line":12,"column":34},"end":{"line":12,"column":47}},"11":{"start":{"line":21,"column":8},"end":{"line":21,"column":null}},"12":{"start":{"line":22,"column":8},"end":{"line":22,"column":21}},"13":{"start":{"line":23,"column":8},"end":{"line":23,"column":44}},"14":{"start":{"line":24,"column":8},"end":{"line":24,"column":37}},"15":{"start":{"line":25,"column":8},"end":{"line":25,"column":32}},"16":{"start":{"line":27,"column":8},"end":{"line":27,"column":23}},"17":{"start":{"line":30,"column":4},"end":{"line":32,"column":null}},"18":{"start":{"line":31,"column":8},"end":{"line":31,"column":24}},"19":{"start":{"line":34,"column":4},"end":{"line":36,"column":null}},"20":{"start":{"line":35,"column":8},"end":{"line":35,"column":51}},"21":{"start":{"line":38,"column":4},"end":{"line":40,"column":null}},"22":{"start":{"line":39,"column":8},"end":{"line":39,"column":31}},"23":{"start":{"line":43,"column":21},"end":{"line":43,"column":45}},"24":{"start":{"line":44,"column":22},"end":{"line":44,"column":49}},"25":{"start":{"line":44,"column":41},"end":{"line":44,"column":49}},"26":{"start":{"line":45,"column":8},"end":{"line":47,"column":null}},"27":{"start":{"line":46,"column":12},"end":{"line":46,"column":42}},"28":{"start":{"line":49,"column":8},"end":{"line":49,"column":28}},"29":{"start":{"line":53,"column":4},"end":{"line":55,"column":null}},"30":{"start":{"line":54,"column":8},"end":{"line":54,"column":27}},"31":{"start":{"line":59,"column":21},"end":{"line":59,"column":45}},"32":{"start":{"line":60,"column":22},"end":{"line":60,"column":49}},"33":{"start":{"line":60,"column":41},"end":{"line":60,"column":49}},"34":{"start":{"line":61,"column":8},"end":{"line":63,"column":null}},"35":{"start":{"line":62,"column":12},"end":{"line":62,"column":42}},"36":{"start":{"line":65,"column":8},"end":{"line":65,"column":24}},"37":{"start":{"line":70,"column":4},"end":{"line":72,"column":null}},"38":{"start":{"line":71,"column":8},"end":{"line":71,"column":84}},"39":{"start":{"line":74,"column":4},"end":{"line":76,"column":null}},"40":{"start":{"line":75,"column":8},"end":{"line":75,"column":116}},"41":{"start":{"line":78,"column":4},"end":{"line":80,"column":null}},"42":{"start":{"line":79,"column":8},"end":{"line":79,"column":52}},"43":{"start":{"line":82,"column":4},"end":{"line":84,"column":null}},"44":{"start":{"line":83,"column":8},"end":{"line":83,"column":41}},"45":{"start":{"line":86,"column":4},"end":{"line":88,"column":null}},"46":{"start":{"line":87,"column":8},"end":{"line":87,"column":144}},"47":{"start":{"line":90,"column":4},"end":{"line":92,"column":null}},"48":{"start":{"line":91,"column":8},"end":{"line":91,"column":108}},"49":{"start":{"line":94,"column":4},"end":{"line":96,"column":null}},"50":{"start":{"line":95,"column":8},"end":{"line":95,"column":140}},"51":{"start":{"line":98,"column":4},"end":{"line":100,"column":null}},"52":{"start":{"line":99,"column":8},"end":{"line":99,"column":30}},"53":{"start":{"line":102,"column":4},"end":{"line":104,"column":null}},"54":{"start":{"line":103,"column":8},"end":{"line":103,"column":31}},"55":{"start":{"line":106,"column":4},"end":{"line":108,"column":null}},"56":{"start":{"line":107,"column":8},"end":{"line":107,"column":38}},"57":{"start":{"line":109,"column":0},"end":{"line":109,"column":null}}},"fnMap":{"0":{"name":"(anonymous_6)","decl":{"start":{"line":12,"column":0},"end":{"line":12,"column":34}},"loc":{"start":{"line":12,"column":0},"end":{"line":109,"column":null}}},"1":{"name":"Hero","decl":{"start":{"line":20,"column":4},"end":{"line":20,"column":null}},"loc":{"start":{"line":20,"column":4},"end":{"line":28,"column":5}}},"2":{"name":"(anonymous_8)","decl":{"start":{"line":30,"column":4},"end":{"line":30,"column":15}},"loc":{"start":{"line":30,"column":4},"end":{"line":32,"column":5}}},"3":{"name":"(anonymous_9)","decl":{"start":{"line":34,"column":4},"end":{"line":34,"column":15}},"loc":{"start":{"line":34,"column":4},"end":{"line":36,"column":5}}},"4":{"name":"(anonymous_10)","decl":{"start":{"line":38,"column":4},"end":{"line":38,"column":15}},"loc":{"start":{"line":38,"column":4},"end":{"line":40,"column":5}}},"5":{"name":"(anonymous_11)","decl":{"start":{"line":42,"column":4},"end":{"line":42,"column":25}},"loc":{"start":{"line":42,"column":37},"end":{"line":50,"column":5}}},"6":{"name":"(anonymous_12)","decl":{"start":{"line":44,"column":34},"end":{"line":44,"column":35}},"loc":{"start":{"line":44,"column":36},"end":{"line":44,"column":42}}},"7":{"name":"(anonymous_13)","decl":{"start":{"line":53,"column":4},"end":{"line":53,"column":15}},"loc":{"start":{"line":53,"column":4},"end":{"line":55,"column":5}}},"8":{"name":"(anonymous_14)","decl":{"start":{"line":58,"column":4},"end":{"line":58,"column":21}},"loc":{"start":{"line":58,"column":34},"end":{"line":66,"column":5}}},"9":{"name":"(anonymous_15)","decl":{"start":{"line":60,"column":34},"end":{"line":60,"column":35}},"loc":{"start":{"line":60,"column":36},"end":{"line":60,"column":42}}},"10":{"name":"(anonymous_16)","decl":{"start":{"line":70,"column":4},"end":{"line":70,"column":15}},"loc":{"start":{"line":70,"column":4},"end":{"line":72,"column":5}}},"11":{"name":"(anonymous_17)","decl":{"start":{"line":74,"column":4},"end":{"line":74,"column":15}},"loc":{"start":{"line":74,"column":4},"end":{"line":76,"column":5}}},"12":{"name":"(anonymous_18)","decl":{"start":{"line":78,"column":4},"end":{"line":78,"column":15}},"loc":{"start":{"line":78,"column":4},"end":{"line":80,"column":5}}},"13":{"name":"(anonymous_19)","decl":{"start":{"line":82,"column":4},"end":{"line":82,"column":15}},"loc":{"start":{"line":82,"column":4},"end":{"line":84,"column":5}}},"14":{"name":"(anonymous_20)","decl":{"start":{"line":86,"column":4},"end":{"line":86,"column":15}},"loc":{"start":{"line":86,"column":4},"end":{"line":88,"column":5}}},"15":{"name":"(anonymous_21)","decl":{"start":{"line":90,"column":4},"end":{"line":90,"column":15}},"loc":{"start":{"line":90,"column":4},"end":{"line":92,"column":5}}},"16":{"name":"(anonymous_22)","decl":{"start":{"line":94,"column":4},"end":{"line":94,"column":15}},"loc":{"start":{"line":94,"column":4},"end":{"line":96,"column":5}}},"17":{"name":"(anonymous_23)","decl":{"start":{"line":98,"column":4},"end":{"line":98,"column":9}},"loc":{"start":{"line":98,"column":28},"end":{"line":100,"column":5}}},"18":{"name":"(anonymous_24)","decl":{"start":{"line":102,"column":4},"end":{"line":102,"column":9}},"loc":{"start":{"line":102,"column":28},"end":{"line":104,"column":5}}},"19":{"name":"(anonymous_25)","decl":{"start":{"line":106,"column":4},"end":{"line":106,"column":12}},"loc":{"start":{"line":106,"column":27},"end":{"line":108,"column":5}}}},"branchMap":{"0":{"loc":{"start":{"line":21,"column":8},"end":{"line":21,"column":15}},"type":"binary-expr","locations":[{"start":{"line":21,"column":8},"end":{"line":21,"column":15}},{"start":{"line":21,"column":15},"end":{"line":21,"column":null}}]},"1":{"loc":{"start":{"line":45,"column":8},"end":{"line":47,"column":null}},"type":"if","locations":[{"start":{"line":45,"column":8},"end":{"line":47,"column":null}},{"start":{"line":45,"column":8},"end":{"line":47,"column":null}}]},"2":{"loc":{"start":{"line":61,"column":8},"end":{"line":63,"column":null}},"type":"if","locations":[{"start":{"line":61,"column":8},"end":{"line":63,"column":null}},{"start":{"line":61,"column":8},"end":{"line":63,"column":null}}]},"3":{"loc":{"start":{"line":87,"column":103},"end":{"line":87,"column":113}},"type":"cond-expr","locations":[{"start":{"line":87,"column":103},"end":{"line":87,"column":113}},{"start":{"line":87,"column":116},"end":{"line":87,"column":142}}]}},"s":{"0":6,"1":6,"2":6,"3":6,"4":6,"5":6,"6":6,"7":6,"8":6,"9":6,"10":6,"11":92,"12":92,"13":92,"14":92,"15":92,"16":92,"17":6,"18":7,"19":6,"20":86,"21":6,"22":4,"23":4,"24":4,"25":21,"26":4,"27":1,"28":3,"29":6,"30":6,"31":16,"32":16,"33":113,"34":16,"35":1,"36":15,"37":6,"38":35,"39":6,"40":37,"41":6,"42":28,"43":6,"44":4,"45":6,"46":42,"47":6,"48":12,"49":6,"50":8,"51":6,"52":18,"53":6,"54":26,"55":6,"56":21,"57":6},"f":{"0":6,"1":92,"2":7,"3":86,"4":4,"5":4,"6":21,"7":6,"8":16,"9":113,"10":35,"11":37,"12":28,"13":4,"14":42,"15":12,"16":8,"17":18,"18":26,"19":21},"b":{"0":[92,92],"1":[1,3],"2":[1,15],"3":[3,39]}}
}
