TN:
SF:lib\Ability.ts
FN:3,(anonymous_0)
FN:7,Ability
FN:12,(anonymous_2)
FN:17,(anonymous_3)
FN:28,(anonymous_4)
FNF:5
FNH:5
FNDA:6,(anonymous_0)
FNDA:576,Ability
FNDA:2,(anonymous_2)
FNDA:51,(anonymous_3)
FNDA:154,(anonymous_4)
DA:1,6
DA:3,6
DA:7,1152
DA:8,576
DA:9,576
DA:12,6
DA:13,2
DA:18,51
DA:19,2
DA:21,49
DA:28,6
DA:29,154
DA:31,6
LF:13
LH:13
BRDA:7,0,0,24
BRDA:7,0,1,552
BRDA:7,1,0,576
BRDA:7,1,1,0
BRDA:18,2,0,2
BRDA:18,2,1,49
BRDA:18,3,0,51
BRDA:18,3,1,50
BRF:8
BRH:7
end_of_record
TN:
SF:lib\AbilityEntity.ts
FN:5,(anonymous_0)
FN:8,AbilityEntity
FN:19,(anonymous_2)
FN:25,(anonymous_3)
FNF:4
FNH:4
FNDA:6,(anonymous_0)
FNDA:92,AbilityEntity
FNDA:28,(anonymous_2)
FNDA:134,(anonymous_3)
DA:1,6
DA:2,6
DA:5,6
DA:9,92
DA:19,6
DA:20,28
DA:21,28
DA:22,28
DA:25,6
DA:26,134
DA:28,6
LF:11
LH:11
BRF:0
BRH:0
end_of_record
TN:
SF:lib\Attack.ts
FN:6,(anonymous_0)
FN:10,Attack
FN:15,(anonymous_2)
FN:26,(anonymous_3)
FN:30,(anonymous_4)
FN:34,(anonymous_5)
FN:42,(anonymous_6)
FNF:7
FNH:7
FNDA:6,(anonymous_0)
FNDA:16,Attack
FNDA:16,(anonymous_2)
FNDA:16,(anonymous_3)
FNDA:32,(anonymous_4)
FNDA:16,(anonymous_5)
FNDA:16,(anonymous_6)
DA:3,6
DA:4,6
DA:6,6
DA:11,16
DA:12,16
DA:15,6
DA:16,16
DA:17,16
DA:19,16
DA:21,16
DA:23,16
DA:26,6
DA:27,16
DA:30,6
DA:31,32
DA:34,6
DA:35,16
DA:36,4
DA:37,12
DA:38,8
DA:42,6
DA:43,16
DA:45,6
LF:23
LH:23
BRDA:27,0,0,16
BRDA:27,0,1,12
BRDA:35,1,0,4
BRDA:35,1,1,12
BRDA:37,2,0,8
BRDA:37,2,1,4
BRF:6
BRH:6
end_of_record
TN:
SF:lib\Enums.ts
FN:2,(anonymous_0)
FN:9,(anonymous_1)
FN:22,(anonymous_2)
FNF:3
FNH:3
FNDA:6,(anonymous_0)
FNDA:6,(anonymous_1)
FNDA:6,(anonymous_2)
DA:2,6
DA:3,6
DA:4,6
DA:5,6
DA:9,6
DA:10,6
DA:11,6
DA:12,6
DA:13,6
DA:14,6
DA:15,6
DA:16,6
DA:22,6
DA:23,6
DA:24,6
DA:25,6
DA:26,6
DA:27,6
LF:18
LH:18
BRDA:2,0,0,6
BRDA:2,0,1,6
BRDA:9,1,0,6
BRDA:9,1,1,6
BRDA:22,2,0,6
BRDA:22,2,1,6
BRF:6
BRH:6
end_of_record
TN:
SF:lib\Hero.ts
FN:12,(anonymous_6)
FN:20,Hero
FN:30,(anonymous_8)
FN:34,(anonymous_9)
FN:38,(anonymous_10)
FN:42,(anonymous_11)
FN:44,(anonymous_12)
FN:53,(anonymous_13)
FN:58,(anonymous_14)
FN:60,(anonymous_15)
FN:70,(anonymous_16)
FN:74,(anonymous_17)
FN:78,(anonymous_18)
FN:82,(anonymous_19)
FN:86,(anonymous_20)
FN:90,(anonymous_21)
FN:94,(anonymous_22)
FN:98,(anonymous_23)
FN:102,(anonymous_24)
FN:106,(anonymous_25)
FNF:20
FNH:20
FNDA:6,(anonymous_6)
FNDA:92,Hero
FNDA:7,(anonymous_8)
FNDA:86,(anonymous_9)
FNDA:4,(anonymous_10)
FNDA:4,(anonymous_11)
FNDA:21,(anonymous_12)
FNDA:6,(anonymous_13)
FNDA:16,(anonymous_14)
FNDA:113,(anonymous_15)
FNDA:35,(anonymous_16)
FNDA:37,(anonymous_17)
FNDA:28,(anonymous_18)
FNDA:4,(anonymous_19)
FNDA:42,(anonymous_20)
FNDA:12,(anonymous_21)
FNDA:8,(anonymous_22)
FNDA:18,(anonymous_23)
FNDA:26,(anonymous_24)
FNDA:21,(anonymous_25)
DA:1,6
DA:2,6
DA:4,6
DA:5,6
DA:6,6
DA:7,6
DA:8,6
DA:9,6
DA:10,6
DA:12,6
DA:21,92
DA:22,92
DA:23,92
DA:24,92
DA:25,92
DA:27,92
DA:30,6
DA:31,7
DA:34,6
DA:35,86
DA:38,6
DA:39,4
DA:43,4
DA:44,21
DA:45,4
DA:46,1
DA:49,3
DA:53,6
DA:54,6
DA:59,16
DA:60,113
DA:61,16
DA:62,1
DA:65,15
DA:70,6
DA:71,35
DA:74,6
DA:75,37
DA:78,6
DA:79,28
DA:82,6
DA:83,4
DA:86,6
DA:87,42
DA:90,6
DA:91,12
DA:94,6
DA:95,8
DA:98,6
DA:99,18
DA:102,6
DA:103,26
DA:106,6
DA:107,21
DA:109,6
LF:55
LH:55
BRDA:21,0,0,92
BRDA:21,0,1,92
BRDA:45,1,0,1
BRDA:45,1,1,3
BRDA:61,2,0,1
BRDA:61,2,1,15
BRDA:87,3,0,3
BRDA:87,3,1,39
BRF:8
BRH:8
end_of_record
